<?xml version="1.0" encoding="UTF-8"?>

<?myapp a processing instruction?>
				  
<bankns:account bankns:title="Savings 1" xmlns:bankns="http://some.bank.com/ns">

  <bankns:ownerid>12398</bankns:ownerid>

  <bankns:balance currency="USD">3212.12</bankns:balance>

  <bankns:descr-html>Main <b>short term savings</b> account.</bankns:descr-html>

  <bankns:report-separator>  </bankns:report-separator>

  <?myapp another processing instruction?>

</bankns:account>
